{
  "stats": {
    "suites": 1,
    "tests": 2,
    "passes": 1,
    "pending": 0,
    "failures": 1,
    "start": "2021-05-13T21:04:27.059Z",
    "end": "2021-05-13T21:05:13.320Z",
    "duration": 46261,
    "testsRegistered": 2,
    "passPercent": 50,
    "pendingPercent": 0,
    "other": 0,
    "hasOther": false,
    "skipped": 0,
    "hasSkipped": false
  },
  "results": [
    {
      "uuid": "0277fa22-8d5f-434f-947a-7cf845a013b0",
      "title": "",
      "fullFile": "cypress/integration/InvalidLogin.spec.js",
      "file": "cypress/integration/InvalidLogin.spec.js",
      "beforeHooks": [],
      "afterHooks": [],
      "tests": [],
      "suites": [
        {
          "uuid": "4eb7672d-2b4c-4521-b1be-216d2e54db4b",
          "title": "Testsuite",
          "fullFile": "",
          "file": "",
          "beforeHooks": [],
          "afterHooks": [],
          "tests": [
            {
              "title": "Verify invalid Password Login",
              "fullTitle": "Testsuite Verify invalid Password Login",
              "timedOut": null,
              "duration": 31765,
              "state": "failed",
              "speed": null,
              "pass": false,
              "fail": true,
              "pending": false,
              "context": null,
              "code": "loginFuncs.performInValidLogin('tester01', password, 'Bad username or password');\ncy.percySnapshot('Verify invalid Password Login');",
              "err": {
                "message": "CypressError: `cy.then()` timed out after waiting `4000ms`.\n\nYour callback function returned a promise that never resolved.\n\nThe callback function was:\n\ndom => {\n      let domSnapshot = window.PercyDOM.serialize({ ...options, dom });\n\n      // Post the DOM snapshot to Percy\n      return utils.postSnapshot({\n        ...options,\n        environmentInfo: ENV_INFO,\n        clientInfo: CLIENT_INFO,\n        domSnapshot,\n        url: dom.URL,\n        name\n      }).then(() => {\n        // Log the snapshot name on success\n        cylog(name, { name });\n      }).catch(error => {\n        // Handle errors\n        log.error(`Could not take DOM snapshot \"${name}\"`);\n        log.error(error);\n      });\n    }\n\nhttps://on.cypress.io/then",
                "estack": "CypressError: `cy.then()` timed out after waiting `4000ms`.\n\nYour callback function returned a promise that never resolved.\n\nThe callback function was:\n\ndom => {\n      let domSnapshot = window.PercyDOM.serialize({ ...options, dom });\n\n      // Post the DOM snapshot to Percy\n      return utils.postSnapshot({\n        ...options,\n        environmentInfo: ENV_INFO,\n        clientInfo: CLIENT_INFO,\n        domSnapshot,\n        url: dom.URL,\n        name\n      }).then(() => {\n        // Log the snapshot name on success\n        cylog(name, { name });\n      }).catch(error => {\n        // Handle errors\n        log.error(`Could not take DOM snapshot \"${name}\"`);\n        log.error(error);\n      });\n    }\n\nhttps://on.cypress.io/then\n    at http://localhost:3000/__cypress/runner/cypress_runner.js:135872:24\n    at tryCatcher (http://localhost:3000/__cypress/runner/cypress_runner.js:10791:23)\n    at http://localhost:3000/__cypress/runner/cypress_runner.js:5913:41\n    at tryCatcher (http://localhost:3000/__cypress/runner/cypress_runner.js:10791:23)\n    at Promise._settlePromiseFromHandler (http://localhost:3000/__cypress/runner/cypress_runner.js:8726:31)\n    at Promise._settlePromise (http://localhost:3000/__cypress/runner/cypress_runner.js:8783:18)\n    at Promise._settlePromise0 (http://localhost:3000/__cypress/runner/cypress_runner.js:8828:10)\n    at Promise._settlePromises (http://localhost:3000/__cypress/runner/cypress_runner.js:8904:18)\n    at _drainQueueStep (http://localhost:3000/__cypress/runner/cypress_runner.js:5498:12)\n    at _drainQueue (http://localhost:3000/__cypress/runner/cypress_runner.js:5491:9)\n    at Async.../../node_modules/bluebird/js/release/async.js.Async._drainQueues (http://localhost:3000/__cypress/runner/cypress_runner.js:5507:5)\n    at Async.drainQueues (http://localhost:3000/__cypress/runner/cypress_runner.js:5377:14)\nFrom Your Spec Code:\n    at Context.eval (http://localhost:3000/__cypress/tests?p=cypress\\support\\index.js:201:40)",
                "diff": null
              },
              "uuid": "efe1b4ca-bfe6-43b8-8b3c-95bea2f77433",
              "parentUUID": "4eb7672d-2b4c-4521-b1be-216d2e54db4b",
              "isHook": false,
              "skipped": false
            },
            {
              "title": "Verify invalid Username Login",
              "fullTitle": "Testsuite Verify invalid Username Login",
              "timedOut": null,
              "duration": 6966,
              "state": "passed",
              "speed": "slow",
              "pass": true,
              "fail": false,
              "pending": false,
              "context": null,
              "code": "loginFuncs.performInValidLogin(username, 'GteteqbQQgSr88SwNExUQv2ydb7xuf8c', 'Bad username or password');\ncy.percySnapshot('Verify invalid Username Login');",
              "err": {},
              "uuid": "fd220d90-fe4e-48cd-a4b8-94392cc7f74e",
              "parentUUID": "4eb7672d-2b4c-4521-b1be-216d2e54db4b",
              "isHook": false,
              "skipped": false
            }
          ],
          "suites": [],
          "passes": [
            "fd220d90-fe4e-48cd-a4b8-94392cc7f74e"
          ],
          "failures": [
            "efe1b4ca-bfe6-43b8-8b3c-95bea2f77433"
          ],
          "pending": [],
          "skipped": [],
          "duration": 38731,
          "root": false,
          "rootEmpty": false,
          "_timeout": 2000
        }
      ],
      "passes": [],
      "failures": [],
      "pending": [],
      "skipped": [],
      "duration": 0,
      "root": true,
      "rootEmpty": true,
      "_timeout": 2000
    }
  ],
  "meta": {
    "mocha": {
      "version": "7.0.1"
    },
    "mochawesome": {
      "options": {
        "quiet": false,
        "reportFilename": "mochawesome",
        "saveHtml": false,
        "saveJson": true,
        "consoleReporter": "spec",
        "useInlineDiffs": false,
        "code": true
      },
      "version": "6.2.2"
    },
    "marge": {
      "options": {
        "reportDir": "cypress/results",
        "overwrite": false,
        "html": false,
        "json": true
      },
      "version": "5.2.0"
    }
  }
}